
> app@0.0.0 build
> tsc -b && vite build

src/pages/admin/Pedidos.tsx(250,21): error TS2345: Argument of type '"restored"' is not assignable to parameter of type '"deleted" | "status-changed"'.
src/pages/admin/Usuarios.tsx(13,15): error TS6196: 'Order' is declared but never used.
src/pages/Perfil.tsx(16,15): error TS6196: 'Order' is declared but never used.
src/pages/ProductoDetalle.tsx(127,13): error TS2345: Argument of type 'Producto | ProductDto' is not assignable to parameter of type 'Producto'.
  Type 'ProductDto' is not assignable to type 'Producto'.
    Types of property 'url' are incompatible.
      Type 'string | null | undefined' is not assignable to type 'string'.
        Type 'undefined' is not assignable to type 'string'.
src/pages/ProductoDetalle.tsx(206,15): error TS2322: Type 'string | null | undefined' is not assignable to type 'string | undefined'.
  Type 'null' is not assignable to type 'string | undefined'.
src/pages/Tienda.tsx(272,23): error TS2322: Type 'string | null | undefined' is not assignable to type 'string | undefined'.
  Type 'null' is not assignable to type 'string | undefined'.
src/pages/Tienda.tsx(323,35): error TS2345: Argument of type 'ProductDto' is not assignable to parameter of type 'Producto'.
  Types of property 'url' are incompatible.
    Type 'string | null | undefined' is not assignable to type 'string'.
      Type 'undefined' is not assignable to type 'string'.
vite.config.ts(6,13): error TS2769: No overload matches this call.
  The last overload gave the following error.
    Type 'Plugin$1<any>[]' is not assignable to type 'PluginOption'.
      Type 'Plugin$1<any>[]' is not assignable to type 'PluginOption[]'.
        Type 'Plugin$1<any>' is not assignable to type 'PluginOption'.
          Type 'Plugin$1<any>' is not assignable to type 'Plugin<any>'.
            Types of property 'apply' are incompatible.
              Type '"serve" | "build" | ((this: void, config: import("C:/Users/patri/Desktop/LevelUp/GitHub/WebLevelUp/app/node_modules/vite/dist/node/index").UserConfig, env: import("C:/Users/patri/Desktop/LevelUp/GitHub/WebLevelUp/app/node_modules/vite/dist/node/index").ConfigEnv) => boolean) | undefined' is not assignable to type '"serve" | "build" | ((this: void, config: import("C:/Users/patri/Desktop/LevelUp/GitHub/WebLevelUp/app/node_modules/vitest/node_modules/vite/dist/node/index").UserConfig, env: import("C:/Users/patri/Desktop/LevelUp/GitHub/WebLevelUp/app/node_modules/vitest/node_modules/vite/dist/node/index").ConfigEnv) => boolean) |...'.
                Type '(this: void, config: UserConfig, env: ConfigEnv) => boolean' is not assignable to type '"serve" | "build" | ((this: void, config: UserConfig, env: ConfigEnv) => boolean) | undefined'.
                  Type '(this: void, config: import("C:/Users/patri/Desktop/LevelUp/GitHub/WebLevelUp/app/node_modules/vite/dist/node/index").UserConfig, env: import("C:/Users/patri/Desktop/LevelUp/GitHub/WebLevelUp/app/node_modules/vite/dist/node/index").ConfigEnv) => boolean' is not assignable to type '(this: void, config: import("C:/Users/patri/Desktop/LevelUp/GitHub/WebLevelUp/app/node_modules/vitest/node_modules/vite/dist/node/index").UserConfig, env: import("C:/Users/patri/Desktop/LevelUp/GitHub/WebLevelUp/app/node_modules/vitest/node_modules/vite/dist/node/index").ConfigEnv) => boolean'.
                    Types of parameters 'config' and 'config' are incompatible.
                      Type 'import("C:/Users/patri/Desktop/LevelUp/GitHub/WebLevelUp/app/node_modules/vitest/node_modules/vite/dist/node/index").UserConfig' is not assignable to type 'import("C:/Users/patri/Desktop/LevelUp/GitHub/WebLevelUp/app/node_modules/vite/dist/node/index").UserConfig'.
                        Types of property 'plugins' are incompatible.
                          Type 'import("C:/Users/patri/Desktop/LevelUp/GitHub/WebLevelUp/app/node_modules/vitest/node_modules/vite/dist/node/index").PluginOption[] | undefined' is not assignable to type 'import("C:/Users/patri/Desktop/LevelUp/GitHub/WebLevelUp/app/node_modules/vite/dist/node/index").PluginOption[] | undefined'.
                            Type 'import("C:/Users/patri/Desktop/LevelUp/GitHub/WebLevelUp/app/node_modules/vitest/node_modules/vite/dist/node/index").PluginOption[]' is not assignable to type 'import("C:/Users/patri/Desktop/LevelUp/GitHub/WebLevelUp/app/node_modules/vite/dist/node/index").PluginOption[]'.
                              Type 'import("C:/Users/patri/Desktop/LevelUp/GitHub/WebLevelUp/app/node_modules/vitest/node_modules/vite/dist/node/index").PluginOption' is not assignable to type 'import("C:/Users/patri/Desktop/LevelUp/GitHub/WebLevelUp/app/node_modules/vite/dist/node/index").PluginOption'.
                                Type 'Plugin<any>' is not assignable to type 'PluginOption'.
                                  Type 'Plugin<any>' is not assignable to type 'Plugin$1<any>'.
                                    Types of property 'apply' are incompatible.
                                      Type '"serve" | "build" | ((this: void, config: import("C:/Users/patri/Desktop/LevelUp/GitHub/WebLevelUp/app/node_modules/vitest/node_modules/vite/dist/node/index").UserConfig, env: import("C:/Users/patri/Desktop/LevelUp/GitHub/WebLevelUp/app/node_modules/vitest/node_modules/vite/dist/node/index").ConfigEnv) => boolean) |...' is not assignable to type '"serve" | "build" | ((this: void, config: import("C:/Users/patri/Desktop/LevelUp/GitHub/WebLevelUp/app/node_modules/vite/dist/node/index").UserConfig, env: import("C:/Users/patri/Desktop/LevelUp/GitHub/WebLevelUp/app/node_modules/vite/dist/node/index").ConfigEnv) => boolean) | undefined'.
                                        Type '(this: void, config: UserConfig, env: ConfigEnv) => boolean' is not assignable to type '"serve" | "build" | ((this: void, config: UserConfig, env: ConfigEnv) => boolean) | undefined'.
                                          Type '(this: void, config: import("C:/Users/patri/Desktop/LevelUp/GitHub/WebLevelUp/app/node_modules/vitest/node_modules/vite/dist/node/index").UserConfig, env: import("C:/Users/patri/Desktop/LevelUp/GitHub/WebLevelUp/app/node_modules/vitest/node_modules/vite/dist/node/index").ConfigEnv) => boolean' is not assignable to type '(this: void, config: import("C:/Users/patri/Desktop/LevelUp/GitHub/WebLevelUp/app/node_modules/vite/dist/node/index").UserConfig, env: import("C:/Users/patri/Desktop/LevelUp/GitHub/WebLevelUp/app/node_modules/vite/dist/node/index").ConfigEnv) => boolean'.
                                            Types of parameters 'config' and 'config' are incompatible.
                                              Type 'import("C:/Users/patri/Desktop/LevelUp/GitHub/WebLevelUp/app/node_modules/vite/dist/node/index").UserConfig' is not assignable to type 'import("C:/Users/patri/Desktop/LevelUp/GitHub/WebLevelUp/app/node_modules/vitest/node_modules/vite/dist/node/index").UserConfig'.
                                                Types of property 'plugins' are incompatible.
                                                  Type 'import("C:/Users/patri/Desktop/LevelUp/GitHub/WebLevelUp/app/node_modules/vite/dist/node/index").PluginOption[] | undefined' is not assignable to type 'import("C:/Users/patri/Desktop/LevelUp/GitHub/WebLevelUp/app/node_modules/vitest/node_modules/vite/dist/node/index").PluginOption[] | undefined'.
                                                    Type 'import("C:/Users/patri/Desktop/LevelUp/GitHub/WebLevelUp/app/node_modules/vite/dist/node/index").PluginOption[]' is not assignable to type 'import("C:/Users/patri/Desktop/LevelUp/GitHub/WebLevelUp/app/node_modules/vitest/node_modules/vite/dist/node/index").PluginOption[]'.
                                                      Type 'import("C:/Users/patri/Desktop/LevelUp/GitHub/WebLevelUp/app/node_modules/vite/dist/node/index").PluginOption' is not assignable to type 'import("C:/Users/patri/Desktop/LevelUp/GitHub/WebLevelUp/app/node_modules/vitest/node_modules/vite/dist/node/index").PluginOption'.
                                                        Type 'Promise<Plugin$1<any> | FalsyPlugin | PluginOption[]>' is not assignable to type 'PluginOption'.
                                                          Type 'Promise<Plugin$1<any> | FalsyPlugin | PluginOption[]>' is not assignable to type 'Promise<false | Plugin<any> | PluginOption[] | null | undefined>'.
                                                            Type 'Plugin$1<any> | FalsyPlugin | PluginOption[]' is not assignable to type 'false | Plugin<any> | PluginOption[] | null | undefined'.
                                                              Type 'Plugin$1<any>' is not assignable to type 'false | Plugin<any> | PluginOption[] | null | undefined'.
